[2020/05/01/:/10/52/18 - http-nio-8080-exec-1 - ERROR - root    : Invalid Credentials Supplied..]
[2020/05/01/:/11/49/20 - main - ERROR - root    : Error..! Account Already Exists..]
[2020/05/01/:/12/07/10 - main - ERROR - root    : Error..! Account Already Exists..]
[2020/05/01/:/12/07/10 - main - ERROR - root    : Error..! Account Already Exists..]
[2020/05/01/:/12/07/57 - main - ERROR - root    : Error..! Account Already Exists..]
[2020/05/01/:/12/09/45 - main - ERROR - root    : Error..! Account Already Exists..]
[2020/05/01/:/12/12/10 - main - ERROR - root    : Error..! Account Already Exists..]
[2020/05/01/:/12/16/56 - main - ERROR - root    : Error..! Account Already Exists..]
[2020/05/01/:/12/16/56 - main - ERROR - root    : Error..! Account Already Exists..]
[2020/05/01/:/12/18/18 - main - ERROR - root    : Error..! Account Already Exists..]
[2020/05/01/:/12/30/57 - main - ERROR - root    : Error..! Account Already Exists..]
[2020/05/01/:/12/40/13 - main - ERROR - root    : Error..! Account Already Exists..]
[2020/05/01/:/12/54/28 - main - ERROR - root    : Error..! Account Already Exists..]
[2020/05/01/:/12/57/01 - main - ERROR - root    : Invalid Credentials Supplied..]
[2020/05/01/:/12/58/02 - main - ERROR - root    : Invalid Credentials Supplied..]
[2020/05/01/:/12/58/59 - main - ERROR - root    : Invalid Credentials Supplied..]
[2020/05/01/:/01/00/04 - main - ERROR - root    : Invalid Credentials Supplied..]
[2020/05/01/:/01/00/05 - main - ERROR - root    : Invalid Credentials Supplied..]
[2020/05/01/:/01/01/03 - main - ERROR - root    : Invalid Credentials Supplied..]
[2020/05/01/:/01/01/03 - main - ERROR - root    : Invalid Credentials Supplied..]
[2020/05/01/:/01/01/03 - main - ERROR - root    : Invalid Credentials Supplied..]
[2020/05/01/:/01/41/08 - main - ERROR - root    : Loan Already Applied..Tried Another Loan..!]
[2020/05/01/:/01/42/10 - main - ERROR - root    : Loan Already Applied..Tried Another Loan..!]
[2020/05/01/:/02/01/39 - main - ERROR - root    : Loan Already Applied..Tried Another Loan..!]
[2020/05/01/:/02/02/46 - http-nio-8080-exec-1 - INFO  - root    : Login Successfull..]
[2020/05/01/:/02/03/02 - http-nio-8080-exec-4 - INFO  - root    : Login Successfull..]
[2020/05/01/:/02/03/37 - http-nio-8080-exec-1 - INFO  - root    : Login Successfull..]
[2020/05/01/:/02/03/58 - http-nio-8080-exec-7 - INFO  - root    : Viewed transactions..]
[2020/05/01/:/02/04/15 - http-nio-8080-exec-10 - INFO  - root    : Viewed transactions..]
[2020/05/01/:/02/04/31 - http-nio-8080-exec-8 - INFO  - root    : Checked account balance..]
[2020/05/01/:/02/04/48 - http-nio-8080-exec-10 - INFO  - root    : Foreclosed loan..]
[2020/05/01/:/02/04/59 - http-nio-8080-exec-5 - INFO  - root    : Viewed transactions..]
[2020/05/01/:/02/12/00 - main - ERROR - root    : Loan Already Applied..Tried Another Loan..!]
[2020/05/01/:/02/18/17 - main - ERROR - root    : Invalid Credentials Supplied..]
[2020/05/01/:/02/18/17 - main - ERROR - root    : Invalid Credentials Supplied..]
[2020/05/01/:/02/18/17 - main - ERROR - root    : Invalid Credentials Supplied..]
[2020/05/01/:/02/27/43 - main - ERROR - root    : Invalid Credentials Supplied..]
[2020/05/01/:/02/27/43 - main - ERROR - root    : Invalid Credentials Supplied..]
[2020/05/01/:/02/27/43 - main - ERROR - root    : Invalid Credentials Supplied..]
[2020/05/01/:/02/28/10 - main - ERROR - root    : Loan Already Applied..Tried Another Loan..!]
[2020/05/01/:/02/29/09 - main - ERROR - root    : No Loan Existing..Emi can't be paid...!!]
[2020/05/01/:/02/32/17 - main - ERROR - root    : No Loan Existing..Loan can't be foreclosed...!!]
[2020/05/01/:/02/36/51 - main - ERROR - root    : No transactions available to show..]
[2020/05/01/:/02/37/00 - http-nio-8080-exec-8 - INFO  - root    : Viewed transactions..]
[2020/05/01/:/02/37/13 - http-nio-8080-exec-2 - INFO  - root    : Login Successfull..]
[2020/05/01/:/02/37/17 - http-nio-8080-exec-5 - ERROR - root    : No transactions available to show..]
[2020/05/01/:/02/45/34 - main - ERROR - root    : No balance AVAILABLE..]
[2020/05/01/:/02/45/34 - main - ERROR - root    : No balance AVAILABLE..]
[2020/05/01/:/02/46/08 - main - ERROR - root    : No balance AVAILABLE..]
[2020/05/01/:/02/48/56 - http-nio-8080-exec-1 - INFO  - root    : Login Successfull..]
[2020/05/01/:/02/49/30 - http-nio-8080-exec-8 - INFO  - root    : Viewed transactions..]
[2020/05/01/:/07/55/26 - main - ERROR - root    : Error..! Account Already Exists..]
[2020/05/01/:/08/02/02 - main - ERROR - root    : Invalid Credentials Supplied..]
[2020/05/01/:/08/02/02 - main - ERROR - root    : Invalid Credentials Supplied..]
[2020/05/01/:/08/02/02 - main - ERROR - root    : Invalid Credentials Supplied..]
[2020/05/01/:/08/05/35 - main - ERROR - root    : Loan Already Applied..Tried Another Loan..!]
[2020/05/01/:/08/09/42 - main - ERROR - root    : No balance AVAILABLE..]
[2020/05/01/:/08/12/18 - main - ERROR - root    : No Loan Existing..Loan can't be foreclosed...!!]
[2020/05/01/:/08/14/12 - main - ERROR - root    : No Loan Existing..Emi can't be paid...!!]
[2020/05/01/:/08/16/38 - main - ERROR - root    : No transactions available to show..]
[2020/05/01/:/09/27/21 - http-nio-8080-exec-1 - INFO  - root    : Login Successfull..]
[2020/05/01/:/09/27/29 - http-nio-8080-exec-3 - INFO  - root    : Viewed transactions..]
[2020/05/01/:/09/27/57 - http-nio-8080-exec-10 - INFO  - root    : Checked account balance..]
[2020/05/01/:/09/29/09 - http-nio-8080-exec-10 - INFO  - root    : Login Successfull..]
[2020/05/01/:/09/30/51 - http-nio-8080-exec-4 - INFO  - root    : Viewed transactions..]
[2020/05/01/:/09/50/34 - http-nio-8080-exec-7 - INFO  - root    : Login Successfull..]
[2020/05/02/:/12/55/05 - http-nio-8080-exec-4 - INFO  - root    : Login Successfull..]
[2020/05/02/:/12/55/05 - http-nio-8080-exec-6 - INFO  - root    : Login Successfull..]
[2020/05/02/:/12/55/17 - http-nio-8080-exec-5 - INFO  - root    : Checked account balance..]
[2020/05/02/:/12/55/36 - http-nio-8080-exec-10 - INFO  - root    : Viewed transactions..]
[2020/05/04/:/12/32/21 - http-nio-8080-exec-2 - ERROR - root    : Invalid Credentials Supplied..]
[2020/05/04/:/12/33/39 - http-nio-8080-exec-4 - INFO  - root    : Login Successfull..]
[2020/05/04/:/12/39/16 - http-nio-8080-exec-2 - ERROR - root    : Loan Already Applied..Tried Another Loan..!]
[2020/05/04/:/12/54/11 - http-nio-8080-exec-5 - ERROR - root    : Error..! Account Already Exists..]
[2020/05/04/:/12/54/27 - http-nio-8080-exec-6 - ERROR - root    : Error..! Account Already Exists..]
[2020/05/04/:/12/55/05 - http-nio-8080-exec-7 - INFO  - root    : Account Creation Successfull..]
[2020/05/04/:/12/55/36 - http-nio-8080-exec-9 - ERROR - root    : Invalid Credentials Supplied..]
[2020/05/04/:/12/55/43 - http-nio-8080-exec-10 - INFO  - root    : Login Successfull..]
[2020/05/04/:/12/55/50 - http-nio-8080-exec-3 - ERROR - root    : No transactions available to show..]
[2020/05/04/:/12/56/26 - http-nio-8080-exec-9 - ERROR - root    : No Loan Existing..Emi can't be paid...!!]
[2020/05/04/:/12/56/37 - http-nio-8080-exec-2 - ERROR - root    : No balance AVAILABLE..]
[2020/05/04/:/12/56/55 - http-nio-8080-exec-3 - ERROR - root    : No Loan Existing..Loan can't be foreclosed...!!]
[2020/05/04/:/12/57/24 - http-nio-8080-exec-4 - ERROR - root    : No balance AVAILABLE..]
[2020/05/04/:/12/58/08 - http-nio-8080-exec-10 - INFO  - root    : Applied for loan..]
[2020/05/04/:/12/58/39 - http-nio-8080-exec-7 - ERROR - root    : Loan Already Applied..Tried Another Loan..!]
[2020/05/04/:/12/58/45 - http-nio-8080-exec-1 - INFO  - root    : Checked account balance..]
[2020/05/04/:/12/58/55 - http-nio-8080-exec-7 - INFO  - root    : Viewed transactions..]
[2020/05/04/:/12/59/27 - http-nio-8080-exec-3 - INFO  - root    : Paid emi successfully..]
[2020/05/04/:/12/59/37 - http-nio-8080-exec-6 - INFO  - root    : Checked account balance..]
[2020/05/04/:/01/00/14 - http-nio-8080-exec-4 - INFO  - root    : Paid emi successfully..]
[2020/05/04/:/01/00/19 - http-nio-8080-exec-7 - INFO  - root    : Checked account balance..]
[2020/05/04/:/01/00/52 - http-nio-8080-exec-3 - INFO  - root    : Checked account balance..]
[2020/05/04/:/01/01/05 - http-nio-8080-exec-8 - INFO  - root    : Viewed transactions..]
[2020/05/04/:/01/01/20 - http-nio-8080-exec-8 - INFO  - root    : Checked account balance..]
[2020/05/04/:/01/01/43 - http-nio-8080-exec-10 - INFO  - root    : Foreclosed loan..]
[2020/05/04/:/01/01/49 - http-nio-8080-exec-3 - INFO  - root    : Viewed transactions..]
[2020/05/04/:/01/01/57 - http-nio-8080-exec-9 - ERROR - root    : No balance AVAILABLE..]
[2020/05/04/:/01/02/03 - http-nio-8080-exec-3 - ERROR - root    : No balance AVAILABLE..]
[2020/05/04/:/01/02/16 - http-nio-8080-exec-10 - ERROR - root    : No balance AVAILABLE..]
[2020/05/04/:/01/02/28 - http-nio-8080-exec-6 - INFO  - root    : Login Successfull..]
[2020/05/04/:/01/02/58 - http-nio-8080-exec-4 - INFO  - root    : Viewed transactions..]
[2020/05/04/:/02/08/55 - http-nio-8080-exec-8 - INFO  - root    : Login Successfull..]
[2020/05/04/:/02/09/06 - http-nio-8080-exec-5 - INFO  - root    : Checked account balance..]
[2020/05/04/:/02/09/13 - http-nio-8080-exec-1 - INFO  - root    : Viewed transactions..]
